02-11 17:12 bitfinex_websocket INFO     Connecting to bitfinex websocket API ...
02-11 17:12 bitfinex_websocket INFO     Websocket connection open.
02-11 17:12 bitfinex_websocket INFO     version 2
02-11 17:12 bitfinex_websocket INFO     Subscribing to order book ...
02-11 17:12 bitfinex_websocket INFO     Subscribing to trades ...
02-11 17:12 bitfinex_websocket INFO     
Subcribed to Trades channel
----------------------------------------
ID        : 286
Pair      : BTCUSD

02-11 17:12 bitfinex_websocket INFO     
Subcribed to Book channel
----------------------------------------
ID        : 226919
Pair      : tBTCUSD
Precision : P0
Frequency : F0
Lenght    : 100

02-11 17:12 bitfinex_websocket INFO     Subscribing to ticker ...
02-11 17:12 bitfinex_websocket INFO     
Subcribed to Ticker channel
----------------------------------------
ID        : 1
Pair      : BTCUSD

02-11 17:12 bitfinex_websocket INFO     Subscribing to candels channel ...
02-11 17:12 bitfinex_websocket INFO     
Subcribed to Candles channel
----------------------------------------
ID        : 40309
Key       : trade:1m:tBTCUSD
Pair      : BTCUSD

